<?xml version="1.0" encoding="UTF-8"?>
<testng-results ignored="0" total="1" passed="1" failed="0" skipped="0">
  <reporter-output>
  </reporter-output>
  <suite started-at="2021-10-29T10:39:30 IST" name="Default suite" finished-at="2021-10-29T10:39:54 IST" duration-ms="24340">
    <groups>
    </groups>
    <test started-at="2021-10-29T10:39:30 IST" name="Default test" finished-at="2021-10-29T10:39:54 IST" duration-ms="24340">
      <class name="importants.FindElements_List">
        <test-method is-config="true" signature="Browser()[pri:0, instance:importants.FindElements_List@1a451d4d]" started-at="2021-10-29T10:39:30 IST" name="Browser" finished-at="2021-10-29T10:39:52 IST" duration-ms="22922" status="PASS">
          <reporter-output>
          </reporter-output>
        </test-method> <!-- Browser -->
        <test-method signature="Element_List()[pri:0, instance:importants.FindElements_List@1a451d4d]" started-at="2021-10-29T10:39:53 IST" name="Element_List" finished-at="2021-10-29T10:39:54 IST" duration-ms="943" status="PASS">
          <reporter-output>
          </reporter-output>
        </test-method> <!-- Element_List -->
      </class> <!-- importants.FindElements_List -->
    </test> <!-- Default test -->
  </suite> <!-- Default suite -->
</testng-results>
